{"uuid":"5a3b7bcd-7dc5-45b2-b7cd-6ffc6bc9aec4","historyId":"87628827590b72f9134e054666e43251","testCaseId":"[engine:junit-jupiter]/[class:ru.stqa.pft.addressbook.tests.ContactCreationTests]/[method:contactCreation()]","testCaseName":"contactCreation()","fullName":"ru.stqa.pft.addressbook.tests.ContactCreationTests.contactCreation","labels":[{"name":"junit.platform.uniqueid","value":"[engine:junit-jupiter]/[class:ru.stqa.pft.addressbook.tests.ContactCreationTests]/[method:contactCreation()]"},{"name":"host","value":"DESKTOP-UARMFIA"},{"name":"thread","value":"36860@DESKTOP-UARMFIA.main(1)"},{"name":"framework","value":"junit-platform"},{"name":"language","value":"java"},{"name":"package","value":"ru.stqa.pft.addressbook.tests.ContactCreationTests"},{"name":"testClass","value":"ru.stqa.pft.addressbook.tests.ContactCreationTests"},{"name":"testMethod","value":"contactCreation"},{"name":"suite","value":"ru.stqa.pft.addressbook.tests.ContactCreationTests"}],"links":[],"name":"contactCreation()","status":"broken","statusDetails":{"known":false,"muted":false,"flaky":false,"message":"Could not start a new session. Response code 500. Message: session not created: probably user data directory is already in use, please specify a unique value for --user-data-dir argument, or don't use --user-data-dir \nHost info: host: 'DESKTOP-UARMFIA', ip: '192.168.56.1'\nBuild info: version: '4.35.0', revision: '1c58e5028b'\nSystem info: os.name: 'Windows 10', os.arch: 'amd64', os.version: '10.0', java.version: '17.0.16'\nDriver info: org.openqa.selenium.chrome.ChromeDriver\nCommand: [null, newSession {capabilities=[Capabilities {browserName: chrome, goog:chromeOptions: {args: [], binary: C:\\Program Files\\Google\\Chr..., extensions: []}}]}]","trace":"org.openqa.selenium.SessionNotCreatedException: Could not start a new session. Response code 500. Message: session not created: probably user data directory is already in use, please specify a unique value for --user-data-dir argument, or don't use --user-data-dir \nHost info: host: 'DESKTOP-UARMFIA', ip: '192.168.56.1'\nBuild info: version: '4.35.0', revision: '1c58e5028b'\nSystem info: os.name: 'Windows 10', os.arch: 'amd64', os.version: '10.0', java.version: '17.0.16'\nDriver info: org.openqa.selenium.chrome.ChromeDriver\nCommand: [null, newSession {capabilities=[Capabilities {browserName: chrome, goog:chromeOptions: {args: [], binary: C:\\Program Files\\Google\\Chr..., extensions: []}}]}]\r\n\tat org.openqa.selenium.remote.ProtocolHandshake.createSession(ProtocolHandshake.java:114)\r\n\tat org.openqa.selenium.remote.ProtocolHandshake.createSession(ProtocolHandshake.java:75)\r\n\tat org.openqa.selenium.remote.ProtocolHandshake.createSession(ProtocolHandshake.java:61)\r\n\tat org.openqa.selenium.remote.HttpCommandExecutor.execute(HttpCommandExecutor.java:187)\r\n\tat org.openqa.selenium.remote.service.DriverCommandExecutor.invokeExecute(DriverCommandExecutor.java:216)\r\n\tat org.openqa.selenium.remote.service.DriverCommandExecutor.execute(DriverCommandExecutor.java:174)\r\n\tat org.openqa.selenium.remote.RemoteWebDriver.execute(RemoteWebDriver.java:557)\r\n\tat org.openqa.selenium.remote.RemoteWebDriver.startSession(RemoteWebDriver.java:246)\r\n\tat org.openqa.selenium.remote.RemoteWebDriver.<init>(RemoteWebDriver.java:174)\r\n\tat org.openqa.selenium.chromium.ChromiumDriver.<init>(ChromiumDriver.java:99)\r\n\tat org.openqa.selenium.chrome.ChromeDriver.<init>(ChromeDriver.java:88)\r\n\tat org.openqa.selenium.chrome.ChromeDriver.<init>(ChromeDriver.java:83)\r\n\tat org.openqa.selenium.chrome.ChromeDriver.<init>(ChromeDriver.java:51)\r\n\tat ru.stqa.pft.addressbook.appmanager.ApplicationManager.initialize(ApplicationManager.java:30)\r\n\tat ru.stqa.pft.addressbook.tests.TestBase.setUp(TestBase.java:21)\r\n\tat java.base/java.lang.reflect.Method.invoke(Method.java:569)\r\n\tat java.base/java.util.ArrayList.forEach(ArrayList.java:1511)\r\n\tat java.base/java.util.ArrayList.forEach(ArrayList.java:1511)\r\n\tSuppressed: java.lang.NullPointerException: Cannot invoke \"ru.stqa.pft.addressbook.appmanager.SessionHelper.logout()\" because \"this.sessionHelper\" is null\r\n\t\tat ru.stqa.pft.addressbook.appmanager.ApplicationManager.stop(ApplicationManager.java:44)\r\n\t\tat ru.stqa.pft.addressbook.tests.TestBase.tearDown(TestBase.java:26)\r\n\t\t... 3 more\r\n"},"stage":"finished","description":"","steps":[],"attachments":[],"parameters":[],"start":1762096833191,"stop":1762096872823}