{"uuid":"723a718b-10f7-4783-a987-9d56d193cbfa","historyId":"e78a4fa99231d387a62f480cd8e5dd7a","testCaseId":"[engine:junit-jupiter]/[class:ru.stqa.pft.addressbook.tests.GroupCreationTests]/[method:groupCreation()]","testCaseName":"groupCreation()","fullName":"ru.stqa.pft.addressbook.tests.GroupCreationTests.groupCreation","labels":[{"name":"junit.platform.uniqueid","value":"[engine:junit-jupiter]/[class:ru.stqa.pft.addressbook.tests.GroupCreationTests]/[method:groupCreation()]"},{"name":"host","value":"DESKTOP-UARMFIA"},{"name":"thread","value":"14188@DESKTOP-UARMFIA.main(1)"},{"name":"framework","value":"junit-platform"},{"name":"language","value":"java"},{"name":"package","value":"ru.stqa.pft.addressbook.tests.GroupCreationTests"},{"name":"testClass","value":"ru.stqa.pft.addressbook.tests.GroupCreationTests"},{"name":"testMethod","value":"groupCreation"},{"name":"suite","value":"ru.stqa.pft.addressbook.tests.GroupCreationTests"}],"links":[],"name":"groupCreation()","status":"broken","statusDetails":{"known":false,"muted":false,"flaky":false,"message":"Unable to obtain: Capabilities {browserName: chrome, goog:chromeOptions: {args: [--remote-allow-origins=*], extensions: []}}, error Command failed with code: 69, executed: [C:\\Users\\Eva\\AppData\\Local\\Temp\\selenium-manager27042964529199918058983616471989744\\selenium-manager.exe, --browser, chrome, --output, json]\nDriver unavailable: Driver path: \nBuild info: version: '4.11.0', revision: '040bc5406b'\nSystem info: os.name: 'Windows 10', os.arch: 'amd64', os.version: '10.0', java.version: '17.0.16'\nDriver info: driver.version: ChromeDriver","trace":"org.openqa.selenium.remote.NoSuchDriverException: Unable to obtain: Capabilities {browserName: chrome, goog:chromeOptions: {args: [--remote-allow-origins=*], extensions: []}}, error Command failed with code: 69, executed: [C:\\Users\\Eva\\AppData\\Local\\Temp\\selenium-manager27042964529199918058983616471989744\\selenium-manager.exe, --browser, chrome, --output, json]\nDriver unavailable: Driver path: \nBuild info: version: '4.11.0', revision: '040bc5406b'\nSystem info: os.name: 'Windows 10', os.arch: 'amd64', os.version: '10.0', java.version: '17.0.16'\nDriver info: driver.version: ChromeDriver\r\n\tat org.openqa.selenium.remote.service.DriverFinder.getPath(DriverFinder.java:25)\r\n\tat org.openqa.selenium.remote.service.DriverFinder.getPath(DriverFinder.java:13)\r\n\tat org.openqa.selenium.chrome.ChromeDriver.generateExecutor(ChromeDriver.java:99)\r\n\tat org.openqa.selenium.chrome.ChromeDriver.<init>(ChromeDriver.java:88)\r\n\tat org.openqa.selenium.chrome.ChromeDriver.<init>(ChromeDriver.java:83)\r\n\tat org.openqa.selenium.chrome.ChromeDriver.<init>(ChromeDriver.java:51)\r\n\tat ru.stqa.pft.addressbook.appmanager.ApplicationManager.initialize(ApplicationManager.java:43)\r\n\tat ru.stqa.pft.addressbook.tests.TestBase.setUp(TestBase.java:32)\r\n\tat java.base/java.lang.reflect.Method.invoke(Method.java:569)\r\n\tat java.base/java.util.ArrayList.forEach(ArrayList.java:1511)\r\n\tat java.base/java.util.ArrayList.forEach(ArrayList.java:1511)\r\n\tSuppressed: java.lang.NullPointerException: Cannot invoke \"ru.stqa.pft.addressbook.appmanager.SessionHelper.logout()\" because \"this.sessionHelper\" is null\r\n\t\tat ru.stqa.pft.addressbook.appmanager.ApplicationManager.stop(ApplicationManager.java:111)\r\n\t\tat ru.stqa.pft.addressbook.tests.TestBase.tearDown(TestBase.java:37)\r\n\t\t... 3 more\r\nCaused by: org.openqa.selenium.WebDriverException: Command failed with code: 69, executed: [C:\\Users\\Eva\\AppData\\Local\\Temp\\selenium-manager27042964529199918058983616471989744\\selenium-manager.exe, --browser, chrome, --output, json]\nDriver unavailable: Driver path: \nBuild info: version: '4.11.0', revision: '040bc5406b'\nSystem info: os.name: 'Windows 10', os.arch: 'amd64', os.version: '10.0', java.version: '17.0.16'\nDriver info: driver.version: ChromeDriver\r\n\tat org.openqa.selenium.manager.SeleniumManager.runCommand(SeleniumManager.java:151)\r\n\tat org.openqa.selenium.manager.SeleniumManager.getDriverPath(SeleniumManager.java:273)\r\n\tat org.openqa.selenium.remote.service.DriverFinder.getPath(DriverFinder.java:22)\r\n\t... 10 more\r\n"},"stage":"finished","description":"","steps":[],"attachments":[],"parameters":[],"start":1760527891109,"stop":1760527891367}